timestamp: 2016-01-21T15:27:04.228079
CREATE TABLE auth_user(
    id INTEGER PRIMARY KEY AUTOINCREMENT,
    first_name CHAR(128),
    last_name CHAR(128),
    email CHAR(512),
    password CHAR(512),
    registration_key CHAR(512),
    reset_password_key CHAR(512),
    registration_id CHAR(512)
);
success!
timestamp: 2016-01-21T15:27:04.255589
CREATE TABLE auth_group(
    id INTEGER PRIMARY KEY AUTOINCREMENT,
    role CHAR(512),
    description TEXT
);
success!
timestamp: 2016-01-21T15:27:04.268111
CREATE TABLE auth_membership(
    id INTEGER PRIMARY KEY AUTOINCREMENT,
    user_id INTEGER REFERENCES auth_user (id) ON DELETE CASCADE  ,
    group_id INTEGER REFERENCES auth_group (id) ON DELETE CASCADE  
);
success!
timestamp: 2016-01-21T15:27:04.281738
CREATE TABLE auth_permission(
    id INTEGER PRIMARY KEY AUTOINCREMENT,
    group_id INTEGER REFERENCES auth_group (id) ON DELETE CASCADE  ,
    name CHAR(512),
    table_name CHAR(512),
    record_id INTEGER
);
success!
timestamp: 2016-01-21T15:27:04.294236
CREATE TABLE auth_event(
    id INTEGER PRIMARY KEY AUTOINCREMENT,
    time_stamp TIMESTAMP,
    client_ip CHAR(512),
    user_id INTEGER REFERENCES auth_user (id) ON DELETE CASCADE  ,
    origin CHAR(512),
    description TEXT
);
success!
timestamp: 2016-01-21T15:27:04.306875
CREATE TABLE auth_cas(
    id INTEGER PRIMARY KEY AUTOINCREMENT,
    user_id INTEGER REFERENCES auth_user (id) ON DELETE CASCADE  ,
    created_on TIMESTAMP,
    service CHAR(512),
    ticket CHAR(512),
    renew CHAR(1)
);
success!
timestamp: 2016-01-21T15:27:04.321354
CREATE TABLE grupo(
    id INTEGER PRIMARY KEY AUTOINCREMENT,
    nome CHAR(512),
    data_sorteio DATE,
    data_revelacao DATE,
    valor_maximo DOUBLE
);
success!
timestamp: 2016-01-21T15:27:04.332430
CREATE TABLE usuario_grupo(
    id INTEGER PRIMARY KEY AUTOINCREMENT,
    id_auth_user INTEGER REFERENCES auth_user (id) ON DELETE CASCADE  ,
    id_grupo INTEGER REFERENCES grupo (id) ON DELETE CASCADE  
);
success!
timestamp: 2016-01-21T15:27:04.348471
CREATE TABLE forum(
    id INTEGER PRIMARY KEY AUTOINCREMENT,
    mensagem TEXT,
    id_grupo INTEGER REFERENCES grupo (id) ON DELETE CASCADE  ,
    is_active CHAR(1),
    created_on TIMESTAMP,
    created_by INTEGER REFERENCES auth_user (id) ON DELETE CASCADE  ,
    modified_on TIMESTAMP,
    modified_by INTEGER REFERENCES auth_user (id) ON DELETE CASCADE  
);
success!
timestamp: 2016-01-21T15:27:04.361025
CREATE TABLE lista_desejos(
    id INTEGER PRIMARY KEY AUTOINCREMENT,
    presente CHAR(512),
    id_auth_user INTEGER REFERENCES auth_user (id) ON DELETE CASCADE  
);
success!
timestamp: 2016-01-21T15:39:25.594454
ALTER TABLE lista_desejos ADD imagem CHAR(512);
success!
timestamp: 2016-01-21T15:44:56.737239
ALTER TABLE grupo ADD modified_by INTEGER REFERENCES auth_user (id) ON DELETE CASCADE  ;
timestamp: 2016-01-21T15:44:56.751176
ALTER TABLE grupo ADD is_active CHAR(1);
timestamp: 2016-01-21T15:44:56.763766
ALTER TABLE grupo ADD created_by INTEGER REFERENCES auth_user (id) ON DELETE CASCADE  ;
timestamp: 2016-01-21T15:44:56.774543
ALTER TABLE grupo ADD created_on TIMESTAMP;
timestamp: 2016-01-21T15:44:56.785906
ALTER TABLE grupo ADD modified_on TIMESTAMP;
success!
timestamp: 2016-02-16T15:33:48.253292
ALTER TABLE auth_user ADD avatar CHAR(512);
success!
timestamp: 2016-02-18T16:19:56.282614
CREATE TABLE plugin_ckeditor_upload(
    id INTEGER PRIMARY KEY AUTOINCREMENT,
    title CHAR(255),
    filename CHAR(255),
    flength INTEGER,
    mime_type CHAR(128),
    upload CHAR(512)
);
success!
timestamp: 2016-02-18T17:12:45.128890
ALTER TABLE grupo ADD hash_id CHAR(512);
success!
timestamp: 2016-02-18T17:53:10.823600
CREATE TABLE sorteio(
    id INTEGER PRIMARY KEY AUTOINCREMENT,
    participantes TEXT,
    id_grupo INTEGER REFERENCES grupo (id) ON DELETE CASCADE  ,
    is_active CHAR(1),
    created_on TIMESTAMP,
    created_by INTEGER REFERENCES auth_user (id) ON DELETE CASCADE  ,
    modified_on TIMESTAMP,
    modified_by INTEGER REFERENCES auth_user (id) ON DELETE CASCADE  
);
success!
